<?xml version="1.0" encoding="UTF-8"?>
<!-- Generated by org.testng.reporters.JUnitReportReporter -->
<testsuite skipped="0" hostname="DESKTOP-R0QK2O8" name="demo.DemoTestDataProvider" tests="2" failures="0" timestamp="24 Dec 2018 03:03:51 GMT" time="0.031" errors="0">
  <testcase name="printTestData" time="0.025" classname="demo.DemoTestDataProvider"/>
  <testcase name="printTestData" time="0.006" classname="demo.DemoTestDataProvider"/>
</testsuite> <!-- demo.DemoTestDataProvider -->
